This file contains any messages produced by compilers while
running configure, to aid debugging if configure makes a mistake.

It was created by amide configure 1.0.5, which was
generated by GNU Autoconf 2.69.  Invocation command line was

  $ ./configure 

## --------- ##
## Platform. ##
## --------- ##

hostname = ian-gastaut
uname -m = x86_64
uname -r = 4.2.0-27-generic
uname -s = Linux
uname -v = #32~14.04.1-Ubuntu SMP Fri Jan 22 15:32:26 UTC 2016

/usr/bin/uname -p = unknown
/bin/uname -X     = unknown

/bin/arch              = unknown
/usr/bin/arch -k       = unknown
/usr/convex/getsysinfo = unknown
/usr/bin/hostinfo      = unknown
/bin/machine           = unknown
/usr/bin/oslevel       = unknown
/bin/universe          = unknown

PATH: /home/ian/.rvm/gems/ruby-2.2.1/bin
PATH: /home/ian/.rvm/gems/ruby-2.2.1@global/bin
PATH: /home/ian/.rvm/rubies/ruby-2.2.1/bin
PATH: /usr/local/sbin
PATH: /usr/local/bin
PATH: /usr/sbin
PATH: /usr/bin
PATH: /sbin
PATH: /bin
PATH: /usr/games
PATH: /usr/local/games
PATH: /home/ian/.rvm/bin
PATH: /home/ian/.rvm/bin


## ----------- ##
## Core tests. ##
## ----------- ##

configure:2838: checking for a BSD-compatible install
configure:2906: result: /usr/bin/install -c
configure:2917: checking whether build environment is sane
configure:2972: result: yes
configure:3123: checking for a thread-safe mkdir -p
configure:3162: result: /bin/mkdir -p
configure:3169: checking for gawk
configure:3185: found /usr/bin/gawk
configure:3196: result: gawk
configure:3207: checking whether make sets $(MAKE)
configure:3229: result: yes
configure:3258: checking whether make supports nested variables
configure:3275: result: yes
configure:3361: checking whether to enable maintainer-specific portions of Makefiles
configure:3370: result: yes
configure:3432: checking for gcc
configure:3448: found /usr/bin/gcc
configure:3459: result: gcc
configure:3688: checking for C compiler version
configure:3697: gcc --version >&5
gcc (Ubuntu 4.8.4-2ubuntu1~14.04.3) 4.8.4
Copyright (C) 2013 Free Software Foundation, Inc.
This is free software; see the source for copying conditions.  There is NO
warranty; not even for MERCHANTABILITY or FITNESS FOR A PARTICULAR PURPOSE.

configure:3708: $? = 0
configure:3697: gcc -v >&5
Using built-in specs.
COLLECT_GCC=gcc
COLLECT_LTO_WRAPPER=/usr/lib/gcc/x86_64-linux-gnu/4.8/lto-wrapper
Target: x86_64-linux-gnu
Configured with: ../src/configure -v --with-pkgversion='Ubuntu 4.8.4-2ubuntu1~14.04.3' --with-bugurl=file:///usr/share/doc/gcc-4.8/README.Bugs --enable-languages=c,c++,java,go,d,fortran,objc,obj-c++ --prefix=/usr --program-suffix=-4.8 --enable-shared --enable-linker-build-id --libexecdir=/usr/lib --without-included-gettext --enable-threads=posix --with-gxx-include-dir=/usr/include/c++/4.8 --libdir=/usr/lib --enable-nls --with-sysroot=/ --enable-clocale=gnu --enable-libstdcxx-debug --enable-libstdcxx-time=yes --enable-gnu-unique-object --disable-libmudflap --enable-plugin --with-system-zlib --disable-browser-plugin --enable-java-awt=gtk --enable-gtk-cairo --with-java-home=/usr/lib/jvm/java-1.5.0-gcj-4.8-amd64/jre --enable-java-home --with-jvm-root-dir=/usr/lib/jvm/java-1.5.0-gcj-4.8-amd64 --with-jvm-jar-dir=/usr/lib/jvm-exports/java-1.5.0-gcj-4.8-amd64 --with-arch-directory=amd64 --with-ecj-jar=/usr/share/java/eclipse-ecj.jar --enable-objc-gc --enable-multiarch --disable-werror --with-arch-32=i686 --with-abi=m64 --with-multilib-list=m32,m64,mx32 --with-tune=generic --enable-checking=release --build=x86_64-linux-gnu --host=x86_64-linux-gnu --target=x86_64-linux-gnu
Thread model: posix
gcc version 4.8.4 (Ubuntu 4.8.4-2ubuntu1~14.04.3) 
configure:3708: $? = 0
configure:3697: gcc -V >&5
gcc: error: unrecognized command line option '-V'
gcc: fatal error: no input files
compilation terminated.
configure:3708: $? = 4
configure:3697: gcc -qversion >&5
gcc: error: unrecognized command line option '-qversion'
gcc: fatal error: no input files
compilation terminated.
configure:3708: $? = 4
configure:3728: checking whether the C compiler works
configure:3750: gcc    conftest.c  >&5
configure:3754: $? = 0
configure:3802: result: yes
configure:3805: checking for C compiler default output file name
configure:3807: result: a.out
configure:3813: checking for suffix of executables
configure:3820: gcc -o conftest    conftest.c  >&5
configure:3824: $? = 0
configure:3846: result: 
configure:3868: checking whether we are cross compiling
configure:3876: gcc -o conftest    conftest.c  >&5
configure:3880: $? = 0
configure:3887: ./conftest
configure:3891: $? = 0
configure:3906: result: no
configure:3911: checking for suffix of object files
configure:3933: gcc -c   conftest.c >&5
configure:3937: $? = 0
configure:3958: result: o
configure:3962: checking whether we are using the GNU C compiler
configure:3981: gcc -c   conftest.c >&5
configure:3981: $? = 0
configure:3990: result: yes
configure:3999: checking whether gcc accepts -g
configure:4019: gcc -c -g  conftest.c >&5
configure:4019: $? = 0
configure:4060: result: yes
configure:4077: checking for gcc option to accept ISO C89
configure:4140: gcc  -c -g -O2  conftest.c >&5
configure:4140: $? = 0
configure:4153: result: none needed
configure:4184: checking for style of include used by make
configure:4212: result: GNU
configure:4238: checking dependency style of gcc
configure:4349: result: gcc3
configure:4422: checking for g++
configure:4438: found /usr/bin/g++
configure:4449: result: g++
configure:4476: checking for C++ compiler version
configure:4485: g++ --version >&5
g++ (Ubuntu 4.8.4-2ubuntu1~14.04.3) 4.8.4
Copyright (C) 2013 Free Software Foundation, Inc.
This is free software; see the source for copying conditions.  There is NO
warranty; not even for MERCHANTABILITY or FITNESS FOR A PARTICULAR PURPOSE.

configure:4496: $? = 0
configure:4485: g++ -v >&5
Using built-in specs.
COLLECT_GCC=g++
COLLECT_LTO_WRAPPER=/usr/lib/gcc/x86_64-linux-gnu/4.8/lto-wrapper
Target: x86_64-linux-gnu
Configured with: ../src/configure -v --with-pkgversion='Ubuntu 4.8.4-2ubuntu1~14.04.3' --with-bugurl=file:///usr/share/doc/gcc-4.8/README.Bugs --enable-languages=c,c++,java,go,d,fortran,objc,obj-c++ --prefix=/usr --program-suffix=-4.8 --enable-shared --enable-linker-build-id --libexecdir=/usr/lib --without-included-gettext --enable-threads=posix --with-gxx-include-dir=/usr/include/c++/4.8 --libdir=/usr/lib --enable-nls --with-sysroot=/ --enable-clocale=gnu --enable-libstdcxx-debug --enable-libstdcxx-time=yes --enable-gnu-unique-object --disable-libmudflap --enable-plugin --with-system-zlib --disable-browser-plugin --enable-java-awt=gtk --enable-gtk-cairo --with-java-home=/usr/lib/jvm/java-1.5.0-gcj-4.8-amd64/jre --enable-java-home --with-jvm-root-dir=/usr/lib/jvm/java-1.5.0-gcj-4.8-amd64 --with-jvm-jar-dir=/usr/lib/jvm-exports/java-1.5.0-gcj-4.8-amd64 --with-arch-directory=amd64 --with-ecj-jar=/usr/share/java/eclipse-ecj.jar --enable-objc-gc --enable-multiarch --disable-werror --with-arch-32=i686 --with-abi=m64 --with-multilib-list=m32,m64,mx32 --with-tune=generic --enable-checking=release --build=x86_64-linux-gnu --host=x86_64-linux-gnu --target=x86_64-linux-gnu
Thread model: posix
gcc version 4.8.4 (Ubuntu 4.8.4-2ubuntu1~14.04.3) 
configure:4496: $? = 0
configure:4485: g++ -V >&5
g++: error: unrecognized command line option '-V'
g++: fatal error: no input files
compilation terminated.
configure:4496: $? = 4
configure:4485: g++ -qversion >&5
g++: error: unrecognized command line option '-qversion'
g++: fatal error: no input files
compilation terminated.
configure:4496: $? = 4
configure:4500: checking whether we are using the GNU C++ compiler
configure:4519: g++ -c   conftest.cpp >&5
configure:4519: $? = 0
configure:4528: result: yes
configure:4537: checking whether g++ accepts -g
configure:4557: g++ -c -g  conftest.cpp >&5
configure:4557: $? = 0
configure:4598: result: yes
configure:4623: checking dependency style of g++
configure:4734: result: gcc3
configure:4751: WARNING: Libtool does not cope well with whitespace in `pwd`
configure:4778: checking build system type
configure:4792: result: x86_64-unknown-linux-gnu
configure:4812: checking host system type
configure:4825: result: x86_64-unknown-linux-gnu
configure:4866: checking how to print strings
configure:4893: result: printf
configure:4914: checking for a sed that does not truncate output
configure:4978: result: /bin/sed
configure:4996: checking for grep that handles long lines and -e
configure:5054: result: /bin/grep
configure:5059: checking for egrep
configure:5121: result: /bin/grep -E
configure:5126: checking for fgrep
configure:5188: result: /bin/grep -F
configure:5223: checking for ld used by gcc
configure:5290: result: /usr/bin/ld
configure:5297: checking if the linker (/usr/bin/ld) is GNU ld
configure:5312: result: yes
configure:5324: checking for BSD- or MS-compatible name lister (nm)
configure:5373: result: /usr/bin/nm -B
configure:5503: checking the name lister (/usr/bin/nm -B) interface
configure:5510: gcc -c -g -O2  conftest.c >&5
configure:5513: /usr/bin/nm -B "conftest.o"
configure:5516: output
0000000000000000 B some_variable
configure:5523: result: BSD nm
configure:5526: checking whether ln -s works
configure:5530: result: yes
configure:5538: checking the maximum length of command line arguments
configure:5668: result: 1572864
configure:5685: checking whether the shell understands some XSI constructs
configure:5695: result: yes
configure:5699: checking whether the shell understands "+="
configure:5705: result: yes
configure:5740: checking how to convert x86_64-unknown-linux-gnu file names to x86_64-unknown-linux-gnu format
configure:5780: result: func_convert_file_noop
configure:5787: checking how to convert x86_64-unknown-linux-gnu file names to toolchain format
configure:5807: result: func_convert_file_noop
configure:5814: checking for /usr/bin/ld option to reload object files
configure:5821: result: -r
configure:5895: checking for objdump
configure:5911: found /usr/bin/objdump
configure:5922: result: objdump
configure:5954: checking how to recognize dependent libraries
configure:6156: result: pass_all
configure:6241: checking for dlltool
configure:6271: result: no
configure:6301: checking how to associate runtime and link libraries
configure:6328: result: printf %s\n
configure:6389: checking for ar
configure:6405: found /usr/bin/ar
configure:6416: result: ar
configure:6453: checking for archiver @FILE support
configure:6470: gcc -c -g -O2  conftest.c >&5
configure:6470: $? = 0
configure:6473: ar cru libconftest.a @conftest.lst >&5
configure:6476: $? = 0
configure:6481: ar cru libconftest.a @conftest.lst >&5
ar: conftest.o: No such file or directory
configure:6484: $? = 1
configure:6496: result: @
configure:6554: checking for strip
configure:6570: found /usr/bin/strip
configure:6581: result: strip
configure:6653: checking for ranlib
configure:6669: found /usr/bin/ranlib
configure:6680: result: ranlib
configure:6782: checking command to parse /usr/bin/nm -B output from gcc object
configure:6902: gcc -c -g -O2  conftest.c >&5
configure:6905: $? = 0
configure:6909: /usr/bin/nm -B conftest.o \| sed -n -e 's/^.*[ ]\([ABCDGIRSTW][ABCDGIRSTW]*\)[ ][ ]*\([_A-Za-z][_A-Za-z0-9]*\)$/\1 \2 \2/p' | sed '/ __gnu_lto/d' \> conftest.nm
configure:6912: $? = 0
configure:6978: gcc -o conftest -g -O2   conftest.c conftstm.o >&5
configure:6981: $? = 0
configure:7019: result: ok
configure:7056: checking for sysroot
configure:7086: result: no
configure:7163: gcc -c -g -O2  conftest.c >&5
configure:7166: $? = 0
configure:7348: checking for mt
configure:7364: found /bin/mt
configure:7375: result: mt
configure:7398: checking if mt is a manifest tool
configure:7404: mt '-?'
configure:7412: result: no
configure:8054: checking how to run the C preprocessor
configure:8085: gcc -E  conftest.c
configure:8085: $? = 0
configure:8099: gcc -E  conftest.c
conftest.c:11:28: fatal error: ac_nonexistent.h: No such file or directory
 #include <ac_nonexistent.h>
                            ^
compilation terminated.
configure:8099: $? = 1
configure: failed program was:
| /* confdefs.h */
| #define PACKAGE_NAME "amide"
| #define PACKAGE_TARNAME "amide"
| #define PACKAGE_VERSION "1.0.5"
| #define PACKAGE_STRING "amide 1.0.5"
| #define PACKAGE_BUGREPORT "amide-users@lists.sourceforge.net"
| #define PACKAGE_URL ""
| #define PACKAGE "amide"
| #define VERSION "1.0.5"
| /* end confdefs.h.  */
| #include <ac_nonexistent.h>
configure:8124: result: gcc -E
configure:8144: gcc -E  conftest.c
configure:8144: $? = 0
configure:8158: gcc -E  conftest.c
conftest.c:11:28: fatal error: ac_nonexistent.h: No such file or directory
 #include <ac_nonexistent.h>
                            ^
compilation terminated.
configure:8158: $? = 1
configure: failed program was:
| /* confdefs.h */
| #define PACKAGE_NAME "amide"
| #define PACKAGE_TARNAME "amide"
| #define PACKAGE_VERSION "1.0.5"
| #define PACKAGE_STRING "amide 1.0.5"
| #define PACKAGE_BUGREPORT "amide-users@lists.sourceforge.net"
| #define PACKAGE_URL ""
| #define PACKAGE "amide"
| #define VERSION "1.0.5"
| /* end confdefs.h.  */
| #include <ac_nonexistent.h>
configure:8187: checking for ANSI C header files
configure:8207: gcc -c -g -O2  conftest.c >&5
configure:8207: $? = 0
configure:8280: gcc -o conftest -g -O2   conftest.c  >&5
configure:8280: $? = 0
configure:8280: ./conftest
configure:8280: $? = 0
configure:8291: result: yes
configure:8304: checking for sys/types.h
configure:8304: gcc -c -g -O2  conftest.c >&5
configure:8304: $? = 0
configure:8304: result: yes
configure:8304: checking for sys/stat.h
configure:8304: gcc -c -g -O2  conftest.c >&5
configure:8304: $? = 0
configure:8304: result: yes
configure:8304: checking for stdlib.h
configure:8304: gcc -c -g -O2  conftest.c >&5
configure:8304: $? = 0
configure:8304: result: yes
configure:8304: checking for string.h
configure:8304: gcc -c -g -O2  conftest.c >&5
configure:8304: $? = 0
configure:8304: result: yes
configure:8304: checking for memory.h
configure:8304: gcc -c -g -O2  conftest.c >&5
configure:8304: $? = 0
configure:8304: result: yes
configure:8304: checking for strings.h
configure:8304: gcc -c -g -O2  conftest.c >&5
configure:8304: $? = 0
configure:8304: result: yes
configure:8304: checking for inttypes.h
configure:8304: gcc -c -g -O2  conftest.c >&5
configure:8304: $? = 0
configure:8304: result: yes
configure:8304: checking for stdint.h
configure:8304: gcc -c -g -O2  conftest.c >&5
configure:8304: $? = 0
configure:8304: result: yes
configure:8304: checking for unistd.h
configure:8304: gcc -c -g -O2  conftest.c >&5
configure:8304: $? = 0
configure:8304: result: yes
configure:8318: checking for dlfcn.h
configure:8318: gcc -c -g -O2  conftest.c >&5
configure:8318: $? = 0
configure:8318: result: yes
configure:8535: checking for objdir
configure:8550: result: .libs
configure:8821: checking if gcc supports -fno-rtti -fno-exceptions
configure:8839: gcc -c -g -O2  -fno-rtti -fno-exceptions conftest.c >&5
cc1: warning: command line option '-fno-rtti' is valid for C++/ObjC++ but not for C [enabled by default]
configure:8843: $? = 0
configure:8856: result: no
configure:9183: checking for gcc option to produce PIC
configure:9190: result: -fPIC -DPIC
configure:9198: checking if gcc PIC flag -fPIC -DPIC works
configure:9216: gcc -c -g -O2  -fPIC -DPIC -DPIC conftest.c >&5
configure:9220: $? = 0
configure:9233: result: yes
configure:9262: checking if gcc static flag -static works
configure:9290: result: yes
configure:9305: checking if gcc supports -c -o file.o
configure:9326: gcc -c -g -O2  -o out/conftest2.o conftest.c >&5
configure:9330: $? = 0
configure:9352: result: yes
configure:9360: checking if gcc supports -c -o file.o
configure:9407: result: yes
configure:9440: checking whether the gcc linker (/usr/bin/ld -m elf_x86_64) supports shared libraries
configure:10593: result: yes
configure:10630: checking whether -lc should be explicitly linked in
configure:10638: gcc -c -g -O2  conftest.c >&5
configure:10641: $? = 0
configure:10656: gcc -shared  -fPIC -DPIC conftest.o  -v -Wl,-soname -Wl,conftest -o conftest 2\>\&1 \| /bin/grep  -lc  \>/dev/null 2\>\&1
configure:10659: $? = 0
configure:10673: result: no
configure:10833: checking dynamic linker characteristics
configure:11344: gcc -o conftest -g -O2   -Wl,-rpath -Wl,/foo conftest.c  >&5
configure:11344: $? = 0
configure:11570: result: GNU/Linux ld.so
configure:11677: checking how to hardcode library paths into programs
configure:11702: result: immediate
configure:12242: checking whether stripping libraries is possible
configure:12247: result: yes
configure:12282: checking if libtool supports shared libraries
configure:12284: result: yes
configure:12287: checking whether to build shared libraries
configure:12308: result: yes
configure:12311: checking whether to build static libraries
configure:12315: result: yes
configure:12338: checking how to run the C++ preprocessor
configure:12365: g++ -E  conftest.cpp
configure:12365: $? = 0
configure:12379: g++ -E  conftest.cpp
conftest.cpp:23:28: fatal error: ac_nonexistent.h: No such file or directory
 #include <ac_nonexistent.h>
                            ^
compilation terminated.
configure:12379: $? = 1
configure: failed program was:
| /* confdefs.h */
| #define PACKAGE_NAME "amide"
| #define PACKAGE_TARNAME "amide"
| #define PACKAGE_VERSION "1.0.5"
| #define PACKAGE_STRING "amide 1.0.5"
| #define PACKAGE_BUGREPORT "amide-users@lists.sourceforge.net"
| #define PACKAGE_URL ""
| #define PACKAGE "amide"
| #define VERSION "1.0.5"
| #define STDC_HEADERS 1
| #define HAVE_SYS_TYPES_H 1
| #define HAVE_SYS_STAT_H 1
| #define HAVE_STDLIB_H 1
| #define HAVE_STRING_H 1
| #define HAVE_MEMORY_H 1
| #define HAVE_STRINGS_H 1
| #define HAVE_INTTYPES_H 1
| #define HAVE_STDINT_H 1
| #define HAVE_UNISTD_H 1
| #define HAVE_DLFCN_H 1
| #define LT_OBJDIR ".libs/"
| /* end confdefs.h.  */
| #include <ac_nonexistent.h>
configure:12404: result: g++ -E
configure:12424: g++ -E  conftest.cpp
configure:12424: $? = 0
configure:12438: g++ -E  conftest.cpp
conftest.cpp:23:28: fatal error: ac_nonexistent.h: No such file or directory
 #include <ac_nonexistent.h>
                            ^
compilation terminated.
configure:12438: $? = 1
configure: failed program was:
| /* confdefs.h */
| #define PACKAGE_NAME "amide"
| #define PACKAGE_TARNAME "amide"
| #define PACKAGE_VERSION "1.0.5"
| #define PACKAGE_STRING "amide 1.0.5"
| #define PACKAGE_BUGREPORT "amide-users@lists.sourceforge.net"
| #define PACKAGE_URL ""
| #define PACKAGE "amide"
| #define VERSION "1.0.5"
| #define STDC_HEADERS 1
| #define HAVE_SYS_TYPES_H 1
| #define HAVE_SYS_STAT_H 1
| #define HAVE_STDLIB_H 1
| #define HAVE_STRING_H 1
| #define HAVE_MEMORY_H 1
| #define HAVE_STRINGS_H 1
| #define HAVE_INTTYPES_H 1
| #define HAVE_STDINT_H 1
| #define HAVE_UNISTD_H 1
| #define HAVE_DLFCN_H 1
| #define LT_OBJDIR ".libs/"
| /* end confdefs.h.  */
| #include <ac_nonexistent.h>
configure:12607: checking for ld used by g++
configure:12674: result: /usr/bin/ld -m elf_x86_64
configure:12681: checking if the linker (/usr/bin/ld -m elf_x86_64) is GNU ld
configure:12696: result: yes
configure:12751: checking whether the g++ linker (/usr/bin/ld -m elf_x86_64) supports shared libraries
configure:13756: result: yes
configure:13792: g++ -c -g -O2  conftest.cpp >&5
configure:13795: $? = 0
configure:14315: checking for g++ option to produce PIC
configure:14322: result: -fPIC -DPIC
configure:14330: checking if g++ PIC flag -fPIC -DPIC works
configure:14348: g++ -c -g -O2  -fPIC -DPIC -DPIC conftest.cpp >&5
configure:14352: $? = 0
configure:14365: result: yes
configure:14388: checking if g++ static flag -static works
configure:14416: result: yes
configure:14428: checking if g++ supports -c -o file.o
configure:14449: g++ -c -g -O2  -o out/conftest2.o conftest.cpp >&5
configure:14453: $? = 0
configure:14475: result: yes
configure:14480: checking if g++ supports -c -o file.o
configure:14527: result: yes
configure:14557: checking whether the g++ linker (/usr/bin/ld -m elf_x86_64) supports shared libraries
configure:14593: result: yes
configure:14734: checking dynamic linker characteristics
configure:15405: result: GNU/Linux ld.so
configure:15458: checking how to hardcode library paths into programs
configure:15483: result: immediate
configure:15547: checking for unistd.h
configure:15547: result: yes
configure:15562: checking size of long
configure:15567: gcc -o conftest -g -O2   conftest.c  >&5
configure:15567: $? = 0
configure:15567: ./conftest
configure:15567: $? = 0
configure:15581: result: 8
configure:15595: checking size of long long
configure:15600: gcc -o conftest -g -O2   conftest.c  >&5
configure:15600: $? = 0
configure:15600: ./conftest
configure:15600: $? = 0
configure:15614: result: 8
configure:15627: checking for strptime
configure:15627: gcc -o conftest -g -O2   conftest.c  >&5
configure:15627: $? = 0
configure:15627: result: yes
configure:15641: checking locale.h usability
configure:15641: gcc -c -g -O2  conftest.c >&5
configure:15641: $? = 0
configure:15641: result: yes
configure:15641: checking locale.h presence
configure:15641: gcc -E  conftest.c
configure:15641: $? = 0
configure:15641: result: yes
configure:15641: checking for locale.h
configure:15641: result: yes
configure:15652: checking for LC_MESSAGES
configure:15668: gcc -o conftest -g -O2   conftest.c  >&5
configure:15668: $? = 0
configure:15676: result: yes
configure:15693: checking libintl.h usability
configure:15693: gcc -c -g -O2  conftest.c >&5
configure:15693: $? = 0
configure:15693: result: yes
configure:15693: checking libintl.h presence
configure:15693: gcc -E  conftest.c
configure:15693: $? = 0
configure:15693: result: yes
configure:15693: checking for libintl.h
configure:15693: result: yes
configure:15701: checking for ngettext in libc
configure:15719: gcc -o conftest -g -O2   conftest.c  >&5
configure:15719: $? = 0
configure:15728: result: yes
configure:15732: checking for dgettext in libc
configure:15750: gcc -o conftest -g -O2   conftest.c  >&5
configure:15750: $? = 0
configure:15759: result: yes
configure:15766: checking for bind_textdomain_codeset
configure:15766: gcc -o conftest -g -O2   conftest.c  >&5
configure:15766: $? = 0
configure:15766: result: yes
configure:16042: checking for msgfmt
configure:16069: result: /usr/bin/msgfmt
configure:16080: checking for dcgettext
configure:16080: gcc -o conftest -g -O2   conftest.c   >&5
conftest.c:55:6: warning: conflicting types for built-in function 'dcgettext' [enabled by default]
 char dcgettext ();
      ^
configure:16080: $? = 0
configure:16080: result: yes
configure:16090: checking if msgfmt accepts -c
configure:16105: $MSGFMT -c -o /dev/null conftest.foo
conftest.foo:3: warning: header field 'Language' missing in header
configure:16108: $? = 0
configure:16110: result: yes
configure:16120: checking for gmsgfmt
configure:16151: result: /usr/bin/msgfmt
configure:16161: checking for xgettext
configure:16188: result: /usr/bin/xgettext
configure:16207: gcc -o conftest -g -O2   conftest.c   >&5
configure:16207: $? = 0
configure:16356: checking whether NLS is requested
configure:16365: result: yes
configure:16393: checking for intltool-update
configure:16411: found /usr/bin/intltool-update
configure:16423: result: /usr/bin/intltool-update
configure:16433: checking for intltool-merge
configure:16451: found /usr/bin/intltool-merge
configure:16463: result: /usr/bin/intltool-merge
configure:16473: checking for intltool-extract
configure:16491: found /usr/bin/intltool-extract
configure:16503: result: /usr/bin/intltool-extract
configure:16657: checking for xgettext
configure:16687: result: /usr/bin/xgettext
configure:16697: checking for msgmerge
configure:16715: found /usr/bin/msgmerge
configure:16727: result: /usr/bin/msgmerge
configure:16737: checking for msgfmt
configure:16767: result: /usr/bin/msgfmt
configure:16777: checking for gmsgfmt
configure:16808: result: /usr/bin/msgfmt
configure:16828: checking for perl
configure:16846: found /usr/bin/perl
configure:16858: result: /usr/bin/perl
configure:16869: checking for perl >= 5.8.1
configure:16876: result: 5.18.2
configure:16880: checking for XML::Parser
configure:16883: result: ok
configure:16939: checking for gnum4
configure:16972: result: no
configure:16939: checking for gm4
configure:16972: result: no
configure:16939: checking for m4
configure:16957: found /usr/bin/m4
configure:16969: result: /usr/bin/m4
configure:17040: checking for gsl-config
configure:17058: found /usr/bin/gsl-config
configure:17071: result: /usr/bin/gsl-config
configure:17080: checking for GSL - version >= 1.1.1
configure:17174: gcc -o conftest -g -O2 -I/usr/include   conftest.c  -L/usr/lib -lgsl -lgslcblas -lm >&5
conftest.c: In function 'main':
conftest.c:64:10: warning: ignoring return value of 'system', declared with attribute warn_unused_result [-Wunused-result]
   system ("touch conf.gsltest");
          ^
configure:17174: $? = 0
configure:17174: ./conftest
configure:17174: $? = 0
configure:17188: result: yes
configure:17249: checking for matrix_open in -lecat
configure:17274: gcc -o conftest -g -O2   conftest.c -lecat -L/sw/lib  >&5
/usr/bin/ld: cannot find -lecat
collect2: error: ld returned 1 exit status
configure:17274: $? = 1
configure: failed program was:
| /* confdefs.h */
| #define PACKAGE_NAME "amide"
| #define PACKAGE_TARNAME "amide"
| #define PACKAGE_VERSION "1.0.5"
| #define PACKAGE_STRING "amide 1.0.5"
| #define PACKAGE_BUGREPORT "amide-users@lists.sourceforge.net"
| #define PACKAGE_URL ""
| #define PACKAGE "amide"
| #define VERSION "1.0.5"
| #define STDC_HEADERS 1
| #define HAVE_SYS_TYPES_H 1
| #define HAVE_SYS_STAT_H 1
| #define HAVE_STDLIB_H 1
| #define HAVE_STRING_H 1
| #define HAVE_MEMORY_H 1
| #define HAVE_STRINGS_H 1
| #define HAVE_INTTYPES_H 1
| #define HAVE_STDINT_H 1
| #define HAVE_UNISTD_H 1
| #define HAVE_DLFCN_H 1
| #define LT_OBJDIR ".libs/"
| #define HAVE_UNISTD_H 1
| #define HAVE_UNISTD_H 1
| #define SIZEOF_LONG 8
| #define SIZEOF_LONG_LONG 8
| #define HAVE_STRPTIME 1
| #define HAVE_LOCALE_H 1
| #define HAVE_LC_MESSAGES 1
| #define HAVE_BIND_TEXTDOMAIN_CODESET 1
| #define HAVE_GETTEXT 1
| #define HAVE_DCGETTEXT 1
| #define ENABLE_NLS 1
| #define GETTEXT_PACKAGE "amide"
| /* end confdefs.h.  */
| 
| /* Override any GCC internal prototype to avoid an error.
|    Use char because int might match the return type of a GCC
|    builtin and then its argument prototype would still apply.  */
| #ifdef __cplusplus
| extern "C"
| #endif
| char matrix_open ();
| int
| main ()
| {
| return matrix_open ();
|   ;
|   return 0;
| }
configure:17283: result: no
configure:17291: checking for vpGetErrorString in -lvolpack
configure:17316: gcc -o conftest -g -O2   conftest.c -lvolpack -lm -L/sw/lib -L/usr/local/lib  >&5
/usr/bin/ld: cannot find -lvolpack
collect2: error: ld returned 1 exit status
configure:17316: $? = 1
configure: failed program was:
| /* confdefs.h */
| #define PACKAGE_NAME "amide"
| #define PACKAGE_TARNAME "amide"
| #define PACKAGE_VERSION "1.0.5"
| #define PACKAGE_STRING "amide 1.0.5"
| #define PACKAGE_BUGREPORT "amide-users@lists.sourceforge.net"
| #define PACKAGE_URL ""
| #define PACKAGE "amide"
| #define VERSION "1.0.5"
| #define STDC_HEADERS 1
| #define HAVE_SYS_TYPES_H 1
| #define HAVE_SYS_STAT_H 1
| #define HAVE_STDLIB_H 1
| #define HAVE_STRING_H 1
| #define HAVE_MEMORY_H 1
| #define HAVE_STRINGS_H 1
| #define HAVE_INTTYPES_H 1
| #define HAVE_STDINT_H 1
| #define HAVE_UNISTD_H 1
| #define HAVE_DLFCN_H 1
| #define LT_OBJDIR ".libs/"
| #define HAVE_UNISTD_H 1
| #define HAVE_UNISTD_H 1
| #define SIZEOF_LONG 8
| #define SIZEOF_LONG_LONG 8
| #define HAVE_STRPTIME 1
| #define HAVE_LOCALE_H 1
| #define HAVE_LC_MESSAGES 1
| #define HAVE_BIND_TEXTDOMAIN_CODESET 1
| #define HAVE_GETTEXT 1
| #define HAVE_DCGETTEXT 1
| #define ENABLE_NLS 1
| #define GETTEXT_PACKAGE "amide"
| /* end confdefs.h.  */
| 
| /* Override any GCC internal prototype to avoid an error.
|    Use char because int might match the return type of a GCC
|    builtin and then its argument prototype would still apply.  */
| #ifdef __cplusplus
| extern "C"
| #endif
| char vpGetErrorString ();
| int
| main ()
| {
| return vpGetErrorString ();
|   ;
|   return 0;
| }
configure:17325: result: no
configure:17372: checking for xmedcon-config
configure:17403: result: no
configure:17412: checking for XMEDCON - version >= 0.10.0
configure:17512: result: no
configure:17573: checking for pthread_mutex_init in -lpthread
configure:17598: gcc -o conftest -g -O2   conftest.c -lpthread   >&5
configure:17598: $? = 0
configure:17607: result: yes
configure:17641: g++ -o conftest -g -O2 -I/usr/local/dicom/include -DHAVE_CONFIG_H   conftest.cpp  -L/usr/local/dicom/lib -L/usr/lib64/dcmtk -L/usr/lib/dcmtk -ldcmdata -loflog -lofstd -lz -lpthread >&5
configure:17641: $? = 0
configure:17707: checking for pkg-config
configure:17725: found /usr/bin/pkg-config
configure:17737: result: /usr/bin/pkg-config
configure:17762: checking pkg-config is at least version 0.9.0
configure:17765: result: yes
configure:17775: checking for FFMPEG
configure:17785: $PKG_CONFIG --exists --print-errors "
    libavcodec >= 51.45.0,
    libavutil
"
Package libavcodec was not found in the pkg-config search path.
Perhaps you should add the directory containing `libavcodec.pc'
to the PKG_CONFIG_PATH environment variable
No package 'libavcodec' found
Package libavutil was not found in the pkg-config search path.
Perhaps you should add the directory containing `libavutil.pc'
to the PKG_CONFIG_PATH environment variable
No package 'libavutil' found
configure:17791: $? = 1
configure:17811: $PKG_CONFIG --exists --print-errors "
    libavcodec >= 51.45.0,
    libavutil
"
Package libavcodec was not found in the pkg-config search path.
Perhaps you should add the directory containing `libavcodec.pc'
to the PKG_CONFIG_PATH environment variable
No package 'libavcodec' found
Package libavutil was not found in the pkg-config search path.
Perhaps you should add the directory containing `libavutil.pc'
to the PKG_CONFIG_PATH environment variable
No package 'libavutil' found
configure:17817: $? = 1
configure:17834: result: no
No package 'libavcodec' found
No package 'libavutil' found
configure:17912: checking for native Win32
configure:17922: result: no
configure:18099: checking for libfame-config
configure:18130: result: no
configure:18139: checking for libfame - version >= 0.9.1
configure:18258: result: no
configure:18363: checking for AMIDE_GTK
configure:18376: $PKG_CONFIG --exists --print-errors "
	glib-2.0	>= 2.16.0
	gobject-2.0	>= 2.16.0
	gtk+-2.0	>= 2.16.0
	libxml-2.0	>= 2.4.12
	libgnomecanvas-2.0 >= 2.0.0
"
configure:18385: $? = 0
configure:18411: $PKG_CONFIG --exists --print-errors "
	glib-2.0	>= 2.16.0
	gobject-2.0	>= 2.16.0
	gtk+-2.0	>= 2.16.0
	libxml-2.0	>= 2.4.12
	libgnomecanvas-2.0 >= 2.0.0
"
configure:18420: $? = 0
configure:18502: result: yes
configure:18512: checking for AMIDE_GTK_EXTRA_GCONF
configure:18521: $PKG_CONFIG --exists --print-errors "
		gconf-2.0	>= 2.14.0
   "
configure:18526: $? = 0
configure:18544: $PKG_CONFIG --exists --print-errors "
		gconf-2.0	>= 2.14.0
   "
configure:18549: $? = 0
configure:18615: result: yes
configure:18628: checking for AMIDE_GTK_EXTRA_GVFS
configure:18637: $PKG_CONFIG --exists --print-errors "
		gnome-vfs-2.0   >= 2.16.0
   "
configure:18642: $? = 0
configure:18660: $PKG_CONFIG --exists --print-errors "
		gnome-vfs-2.0   >= 2.16.0
   "
configure:18665: $? = 0
configure:18731: result: yes
configure:18744: checking for glib-genmarshal
configure:18762: found /usr/bin/glib-genmarshal
configure:18774: result: /usr/bin/glib-genmarshal
configure:18785: checking for gdk-pixbuf-csource
configure:18803: found /usr/bin/gdk-pixbuf-csource
configure:18815: result: /usr/bin/gdk-pixbuf-csource
configure:18835: checking for libgnomecanvas_greater_than_230
configure:18842: $PKG_CONFIG --exists --print-errors "libgnomecanvas-2.0 >= 2.3.0"
configure:18845: $? = 0
configure:18859: $PKG_CONFIG --exists --print-errors "libgnomecanvas-2.0 >= 2.3.0"
configure:18862: $? = 0
configure:18900: result: yes
configure:18926: checking for gtkdoc-check
configure:18959: result: no
configure:18968: checking for gtkdoc-rebase
configure:19001: result: no
configure:19012: checking for gtkdoc-mkpdf
configure:19045: result: no
configure:19156: checking whether to build gtk-doc documentation
configure:19158: result: no
configure:19237: checking whether documentation should be built
configure:19243: result: yes
configure:19259: checking gnome-doc-utils >= 0.3.2
configure:19262: $PKG_CONFIG --exists --print-errors "gnome-doc-utils >= $gdu_cv_version_required"
configure:19265: $? = 0
configure:19273: result: yes
configure:19355: checking for db2html
configure:19383: result: false
configure:19514: checking that generated files are newer than configure
configure:19520: result: done
configure:19595: creating ./config.status

## ---------------------- ##
## Running config.status. ##
## ---------------------- ##

This file was extended by amide config.status 1.0.5, which was
generated by GNU Autoconf 2.69.  Invocation command line was

  CONFIG_FILES    = 
  CONFIG_HEADERS  = 
  CONFIG_LINKS    = 
  CONFIG_COMMANDS = 
  $ ./config.status 

on ian-gastaut

config.status:1324: creating Makefile
config.status:1324: creating pixmaps/Makefile
config.status:1324: creating src/Makefile
config.status:1324: creating win32/Makefile
config.status:1324: creating macosx/Makefile
config.status:1324: creating macosx/amide.plist
config.status:1324: creating doc/Makefile
config.status:1324: creating doc/reference/Makefile
config.status:1324: creating doc/reference/version.xml
config.status:1324: creating help/Makefile
config.status:1324: creating etc/Makefile
config.status:1324: creating etc/amide-1.0.5-1.info
config.status:1324: creating etc/amide-1.0.5-1.iss
config.status:1324: creating etc/amide.spec
config.status:1324: creating man/Makefile
config.status:1324: creating po/Makefile.in
config.status:1324: creating amide_config.h
config.status:1505: amide_config.h is unchanged
config.status:1553: executing depfiles commands
config.status:1553: executing libtool commands
config.status:1553: executing default-1 commands
config.status:1553: executing po/stamp-it commands

## ---------------- ##
## Cache variables. ##
## ---------------- ##

ac_cv_build=x86_64-unknown-linux-gnu
ac_cv_c_compiler_gnu=yes
ac_cv_cxx_compiler_gnu=yes
ac_cv_env_AMIDE_GTK_CFLAGS_set=
ac_cv_env_AMIDE_GTK_CFLAGS_value=
ac_cv_env_AMIDE_GTK_EXTRA_GCONF_CFLAGS_set=
ac_cv_env_AMIDE_GTK_EXTRA_GCONF_CFLAGS_value=
ac_cv_env_AMIDE_GTK_EXTRA_GCONF_LIBS_set=
ac_cv_env_AMIDE_GTK_EXTRA_GCONF_LIBS_value=
ac_cv_env_AMIDE_GTK_EXTRA_GVFS_CFLAGS_set=
ac_cv_env_AMIDE_GTK_EXTRA_GVFS_CFLAGS_value=
ac_cv_env_AMIDE_GTK_EXTRA_GVFS_LIBS_set=
ac_cv_env_AMIDE_GTK_EXTRA_GVFS_LIBS_value=
ac_cv_env_AMIDE_GTK_LIBS_set=
ac_cv_env_AMIDE_GTK_LIBS_value=
ac_cv_env_CCC_set=
ac_cv_env_CCC_value=
ac_cv_env_CC_set=
ac_cv_env_CC_value=
ac_cv_env_CFLAGS_set=
ac_cv_env_CFLAGS_value=
ac_cv_env_CPPFLAGS_set=
ac_cv_env_CPPFLAGS_value=
ac_cv_env_CPP_set=
ac_cv_env_CPP_value=
ac_cv_env_CXXCPP_set=
ac_cv_env_CXXCPP_value=
ac_cv_env_CXXFLAGS_set=
ac_cv_env_CXXFLAGS_value=
ac_cv_env_CXX_set=
ac_cv_env_CXX_value=
ac_cv_env_FFMPEG_CFLAGS_set=
ac_cv_env_FFMPEG_CFLAGS_value=
ac_cv_env_FFMPEG_LIBS_set=
ac_cv_env_FFMPEG_LIBS_value=
ac_cv_env_GTKDOC_DEPS_CFLAGS_set=
ac_cv_env_GTKDOC_DEPS_CFLAGS_value=
ac_cv_env_GTKDOC_DEPS_LIBS_set=
ac_cv_env_GTKDOC_DEPS_LIBS_value=
ac_cv_env_LDFLAGS_set=
ac_cv_env_LDFLAGS_value=
ac_cv_env_LIBS_set=
ac_cv_env_LIBS_value=
ac_cv_env_PKG_CONFIG_LIBDIR_set=
ac_cv_env_PKG_CONFIG_LIBDIR_value=
ac_cv_env_PKG_CONFIG_PATH_set=
ac_cv_env_PKG_CONFIG_PATH_value=
ac_cv_env_PKG_CONFIG_set=
ac_cv_env_PKG_CONFIG_value=
ac_cv_env_build_alias_set=
ac_cv_env_build_alias_value=
ac_cv_env_host_alias_set=
ac_cv_env_host_alias_value=
ac_cv_env_libgnomecanvas_greater_than_230_CFLAGS_set=
ac_cv_env_libgnomecanvas_greater_than_230_CFLAGS_value=
ac_cv_env_libgnomecanvas_greater_than_230_LIBS_set=
ac_cv_env_libgnomecanvas_greater_than_230_LIBS_value=
ac_cv_env_target_alias_set=
ac_cv_env_target_alias_value=
ac_cv_func_bind_textdomain_codeset=yes
ac_cv_func_dcgettext=yes
ac_cv_func_strptime=yes
ac_cv_header_dlfcn_h=yes
ac_cv_header_inttypes_h=yes
ac_cv_header_libintl_h=yes
ac_cv_header_locale_h=yes
ac_cv_header_memory_h=yes
ac_cv_header_stdc=yes
ac_cv_header_stdint_h=yes
ac_cv_header_stdlib_h=yes
ac_cv_header_string_h=yes
ac_cv_header_strings_h=yes
ac_cv_header_sys_stat_h=yes
ac_cv_header_sys_types_h=yes
ac_cv_header_unistd_h=yes
ac_cv_host=x86_64-unknown-linux-gnu
ac_cv_lib_ecat_matrix_open=no
ac_cv_lib_pthread_pthread_mutex_init=yes
ac_cv_lib_volpack_vpGetErrorString=no
ac_cv_objext=o
ac_cv_path_EGREP='/bin/grep -E'
ac_cv_path_FGREP='/bin/grep -F'
ac_cv_path_GDK_PIXBUF_CSOURCE=/usr/bin/gdk-pixbuf-csource
ac_cv_path_GLIB_GENMARSHAL=/usr/bin/glib-genmarshal
ac_cv_path_GMSGFMT=/usr/bin/msgfmt
ac_cv_path_GREP=/bin/grep
ac_cv_path_GSL_CONFIG=/usr/bin/gsl-config
ac_cv_path_INTLTOOL_EXTRACT=/usr/bin/intltool-extract
ac_cv_path_INTLTOOL_MERGE=/usr/bin/intltool-merge
ac_cv_path_INTLTOOL_PERL=/usr/bin/perl
ac_cv_path_INTLTOOL_UPDATE=/usr/bin/intltool-update
ac_cv_path_LIBFAME_CONFIG=no
ac_cv_path_M4=/usr/bin/m4
ac_cv_path_MSGFMT=/usr/bin/msgfmt
ac_cv_path_MSGMERGE=/usr/bin/msgmerge
ac_cv_path_SED=/bin/sed
ac_cv_path_XGETTEXT=/usr/bin/xgettext
ac_cv_path_XMEDCON_CONFIG=no
ac_cv_path_ac_pt_PKG_CONFIG=/usr/bin/pkg-config
ac_cv_path_install='/usr/bin/install -c'
ac_cv_path_mkdir=/bin/mkdir
ac_cv_prog_AWK=gawk
ac_cv_prog_CPP='gcc -E'
ac_cv_prog_CXXCPP='g++ -E'
ac_cv_prog_DB2HTML=false
ac_cv_prog_ac_ct_AR=ar
ac_cv_prog_ac_ct_CC=gcc
ac_cv_prog_ac_ct_CXX=g++
ac_cv_prog_ac_ct_MANIFEST_TOOL=mt
ac_cv_prog_ac_ct_OBJDUMP=objdump
ac_cv_prog_ac_ct_RANLIB=ranlib
ac_cv_prog_ac_ct_STRIP=strip
ac_cv_prog_cc_c89=
ac_cv_prog_cc_g=yes
ac_cv_prog_cxx_g=yes
ac_cv_prog_make_make_set=yes
ac_cv_sizeof_long=8
ac_cv_sizeof_long_long=8
am_cv_CC_dependencies_compiler_type=gcc3
am_cv_CXX_dependencies_compiler_type=gcc3
am_cv_make_support_nested_variables=yes
am_cv_val_LC_MESSAGES=yes
gdu_cv_have_gdu=yes
gdu_cv_version_required=0.3.2
gt_cv_func_dgettext_libc=yes
gt_cv_func_dgettext_libintl=no
gt_cv_func_ngettext_libc=yes
gt_cv_have_gettext=yes
lt_cv_ar_at_file=@
lt_cv_archive_cmds_need_lc=no
lt_cv_deplibs_check_method=pass_all
lt_cv_file_magic_cmd='$MAGIC_CMD'
lt_cv_file_magic_test_file=
lt_cv_ld_reload_flag=-r
lt_cv_nm_interface='BSD nm'
lt_cv_objdir=.libs
lt_cv_path_LD=/usr/bin/ld
lt_cv_path_LDCXX='/usr/bin/ld -m elf_x86_64'
lt_cv_path_NM='/usr/bin/nm -B'
lt_cv_path_mainfest_tool=no
lt_cv_prog_compiler_c_o=yes
lt_cv_prog_compiler_c_o_CXX=yes
lt_cv_prog_compiler_pic='-fPIC -DPIC'
lt_cv_prog_compiler_pic_CXX='-fPIC -DPIC'
lt_cv_prog_compiler_pic_works=yes
lt_cv_prog_compiler_pic_works_CXX=yes
lt_cv_prog_compiler_rtti_exceptions=no
lt_cv_prog_compiler_static_works=yes
lt_cv_prog_compiler_static_works_CXX=yes
lt_cv_prog_gnu_ld=yes
lt_cv_prog_gnu_ldcxx=yes
lt_cv_sharedlib_from_linklib_cmd='printf %s\n'
lt_cv_shlibpath_overrides_runpath=no
lt_cv_sys_global_symbol_pipe='sed -n -e '\''s/^.*[	 ]\([ABCDGIRSTW][ABCDGIRSTW]*\)[	 ][	 ]*\([_A-Za-z][_A-Za-z0-9]*\)$/\1 \2 \2/p'\'' | sed '\''/ __gnu_lto/d'\'''
lt_cv_sys_global_symbol_to_c_name_address='sed -n -e '\''s/^: \([^ ]*\)[ ]*$/  {\"\1\", (void *) 0},/p'\'' -e '\''s/^[ABCDGIRSTW]* \([^ ]*\) \([^ ]*\)$/  {"\2", (void *) \&\2},/p'\'''
lt_cv_sys_global_symbol_to_c_name_address_lib_prefix='sed -n -e '\''s/^: \([^ ]*\)[ ]*$/  {\"\1\", (void *) 0},/p'\'' -e '\''s/^[ABCDGIRSTW]* \([^ ]*\) \(lib[^ ]*\)$/  {"\2", (void *) \&\2},/p'\'' -e '\''s/^[ABCDGIRSTW]* \([^ ]*\) \([^ ]*\)$/  {"lib\2", (void *) \&\2},/p'\'''
lt_cv_sys_global_symbol_to_cdecl='sed -n -e '\''s/^T .* \(.*\)$/extern int \1();/p'\'' -e '\''s/^[ABCDGIRSTW]* .* \(.*\)$/extern char \1;/p'\'''
lt_cv_sys_max_cmd_len=1572864
lt_cv_to_host_file_cmd=func_convert_file_noop
lt_cv_to_tool_file_cmd=func_convert_file_noop
pkg_cv_AMIDE_GTK_CFLAGS='-pthread -I/usr/include/glib-2.0 -I/usr/lib/x86_64-linux-gnu/glib-2.0/include -I/usr/include/gtk-2.0 -I/usr/lib/x86_64-linux-gnu/gtk-2.0/include -I/usr/include/atk-1.0 -I/usr/include/cairo -I/usr/include/gdk-pixbuf-2.0 -I/usr/include/pango-1.0 -I/usr/include/gio-unix-2.0/ -I/usr/include/freetype2 -I/usr/include/pixman-1 -I/usr/include/libpng12 -I/usr/include/harfbuzz -I/usr/include/libxml2 -I/usr/include/libgnomecanvas-2.0 -I/usr/include/gail-1.0 -I/usr/include/libart-2.0  '
pkg_cv_AMIDE_GTK_EXTRA_GCONF_CFLAGS='-pthread -I/usr/include/gconf/2 -I/usr/include/dbus-1.0 -I/usr/lib/x86_64-linux-gnu/dbus-1.0/include -I/usr/include/glib-2.0 -I/usr/lib/x86_64-linux-gnu/glib-2.0/include  '
pkg_cv_AMIDE_GTK_EXTRA_GCONF_LIBS='-lgconf-2 -lglib-2.0  '
pkg_cv_AMIDE_GTK_EXTRA_GVFS_CFLAGS='-pthread -I/usr/include/gnome-vfs-2.0 -I/usr/lib/x86_64-linux-gnu/gnome-vfs-2.0/include -I/usr/include/gconf/2 -I/usr/include/dbus-1.0 -I/usr/lib/x86_64-linux-gnu/dbus-1.0/include -I/usr/include/glib-2.0 -I/usr/lib/x86_64-linux-gnu/glib-2.0/include  '
pkg_cv_AMIDE_GTK_EXTRA_GVFS_LIBS='-pthread -lgnomevfs-2 -lgconf-2 -lgthread-2.0 -lgmodule-2.0 -lgobject-2.0 -lglib-2.0  '
pkg_cv_AMIDE_GTK_LIBS='-lxml2 -lgnomecanvas-2 -lart_lgpl_2 -lgtk-x11-2.0 -lgdk-x11-2.0 -latk-1.0 -lgio-2.0 -lpangoft2-1.0 -lpangocairo-1.0 -lgdk_pixbuf-2.0 -lcairo -lpango-1.0 -lfontconfig -lgobject-2.0 -lglib-2.0 -lfreetype  '
pkg_cv_libgnomecanvas_greater_than_230_CFLAGS='-pthread -I/usr/include/libgnomecanvas-2.0 -I/usr/include/pango-1.0 -I/usr/include/gail-1.0 -I/usr/include/libart-2.0 -I/usr/include/gtk-2.0 -I/usr/include/glib-2.0 -I/usr/lib/x86_64-linux-gnu/glib-2.0/include -I/usr/include/harfbuzz -I/usr/include/freetype2 -I/usr/include/atk-1.0 -I/usr/lib/x86_64-linux-gnu/gtk-2.0/include -I/usr/include/cairo -I/usr/include/gdk-pixbuf-2.0 -I/usr/include/gio-unix-2.0/ -I/usr/include/pixman-1 -I/usr/include/libpng12  '
pkg_cv_libgnomecanvas_greater_than_230_LIBS='-lgnomecanvas-2 -lart_lgpl_2 -lgtk-x11-2.0 -lgdk-x11-2.0 -latk-1.0 -lgio-2.0 -lpangoft2-1.0 -lpangocairo-1.0 -lgdk_pixbuf-2.0 -lcairo -lpango-1.0 -lfontconfig -lgobject-2.0 -lglib-2.0 -lfreetype  '

## ----------------- ##
## Output variables. ##
## ----------------- ##

ACLOCAL='${SHELL} "/home/ian/dropboxen/amide/Dropbox/Personal versions/amide-1.0.5/missing" aclocal-1.13'
ALL_LINGUAS='zh_CN zh_TW'
AMDEPBACKSLASH='\'
AMDEP_FALSE='#'
AMDEP_TRUE=''
AMIDE_CHECK_OBSOLETE_CFLAGS=''
AMIDE_DEBUG_CFLAGS='-ggdb -Wall'
AMIDE_GTK_CFLAGS='-pthread -I/usr/include/glib-2.0 -I/usr/lib/x86_64-linux-gnu/glib-2.0/include -I/usr/include/gtk-2.0 -I/usr/lib/x86_64-linux-gnu/gtk-2.0/include -I/usr/include/atk-1.0 -I/usr/include/cairo -I/usr/include/gdk-pixbuf-2.0 -I/usr/include/pango-1.0 -I/usr/include/gio-unix-2.0/ -I/usr/include/freetype2 -I/usr/include/pixman-1 -I/usr/include/libpng12 -I/usr/include/harfbuzz -I/usr/include/libxml2 -I/usr/include/libgnomecanvas-2.0 -I/usr/include/gail-1.0 -I/usr/include/libart-2.0   -pthread -I/usr/include/gconf/2 -I/usr/include/dbus-1.0 -I/usr/lib/x86_64-linux-gnu/dbus-1.0/include -I/usr/include/glib-2.0 -I/usr/lib/x86_64-linux-gnu/glib-2.0/include   -pthread -I/usr/include/gnome-vfs-2.0 -I/usr/lib/x86_64-linux-gnu/gnome-vfs-2.0/include -I/usr/include/gconf/2 -I/usr/include/dbus-1.0 -I/usr/lib/x86_64-linux-gnu/dbus-1.0/include -I/usr/include/glib-2.0 -I/usr/lib/x86_64-linux-gnu/glib-2.0/include  '
AMIDE_GTK_EXTRA_GCONF_CFLAGS='-pthread -I/usr/include/gconf/2 -I/usr/include/dbus-1.0 -I/usr/lib/x86_64-linux-gnu/dbus-1.0/include -I/usr/include/glib-2.0 -I/usr/lib/x86_64-linux-gnu/glib-2.0/include  '
AMIDE_GTK_EXTRA_GCONF_LIBS='-lgconf-2 -lglib-2.0  '
AMIDE_GTK_EXTRA_GVFS_CFLAGS='-pthread -I/usr/include/gnome-vfs-2.0 -I/usr/lib/x86_64-linux-gnu/gnome-vfs-2.0/include -I/usr/include/gconf/2 -I/usr/include/dbus-1.0 -I/usr/lib/x86_64-linux-gnu/dbus-1.0/include -I/usr/include/glib-2.0 -I/usr/lib/x86_64-linux-gnu/glib-2.0/include  '
AMIDE_GTK_EXTRA_GVFS_LIBS='-pthread -lgnomevfs-2 -lgconf-2 -lgthread-2.0 -lgmodule-2.0 -lgobject-2.0 -lglib-2.0  '
AMIDE_GTK_LIBS='-lxml2 -lgnomecanvas-2 -lart_lgpl_2 -lgtk-x11-2.0 -lgdk-x11-2.0 -latk-1.0 -lgio-2.0 -lpangoft2-1.0 -lpangocairo-1.0 -lgdk_pixbuf-2.0 -lcairo -lpango-1.0 -lfontconfig -lgobject-2.0 -lglib-2.0 -lfreetype   -lgconf-2 -lglib-2.0   -pthread -lgnomevfs-2 -lgconf-2 -lgthread-2.0 -lgmodule-2.0 -lgobject-2.0 -lglib-2.0  '
AMIDE_LIBDCMDATA_CFLAGS='-I/usr/local/dicom/include'
AMIDE_LIBDCMDATA_LIBS='-L/usr/local/dicom/lib -L/usr/lib64/dcmtk -L/usr/lib/dcmtk -ldcmdata -loflog -lofstd -lz -lpthread'
AMIDE_LIBECAT_LIBS=''
AMIDE_LIBVOLPACK_LIBS=''
AMIDE_OS_WIN32_FALSE=''
AMIDE_OS_WIN32_TRUE='#'
AMTAR='$${TAR-tar}'
AM_BACKSLASH='\'
AM_DEFAULT_V='$(AM_DEFAULT_VERBOSITY)'
AM_DEFAULT_VERBOSITY='1'
AM_V='$(V)'
AR='ar'
AUTOCONF='${SHELL} "/home/ian/dropboxen/amide/Dropbox/Personal versions/amide-1.0.5/missing" autoconf'
AUTOHEADER='${SHELL} "/home/ian/dropboxen/amide/Dropbox/Personal versions/amide-1.0.5/missing" autoheader'
AUTOMAKE='${SHELL} "/home/ian/dropboxen/amide/Dropbox/Personal versions/amide-1.0.5/missing" automake-1.13'
AWK='gawk'
CATALOGS=''
CATOBJEXT='.gmo'
CC='gcc'
CCDEPMODE='depmode=gcc3'
CFLAGS='-g -O2'
CPP='gcc -E'
CPPFLAGS=''
CXX='g++'
CXXCPP='g++ -E'
CXXDEPMODE='depmode=gcc3'
CXXFLAGS='-g -O2'
CYGPATH_W='echo'
DATADIRNAME='share'
DB2HTML='false'
DEFS='-DHAVE_CONFIG_H'
DEPDIR='.deps'
DISABLE_DOC_FALSE=''
DISABLE_DOC_TRUE='#'
DISTCHECK_CONFIGURE_FLAGS='--disable-scrollkeeper '
DLLTOOL='false'
DOC_USER_FORMATS=''
DSYMUTIL=''
DUMPBIN=''
ECHO_C=''
ECHO_N='-n'
ECHO_T=''
EGREP='/bin/grep -E'
ENABLE_GTK_DOC_FALSE=''
ENABLE_GTK_DOC_TRUE='#'
ENABLE_SK_FALSE='#'
ENABLE_SK_TRUE=''
EXEEXT=''
FFMPEG_CFLAGS=''
FFMPEG_LIBS=''
FGREP='/bin/grep -F'
GDK_PIXBUF_CSOURCE='/usr/bin/gdk-pixbuf-csource'
GETTEXT_PACKAGE='amide'
GLIB_GENMARSHAL='/usr/bin/glib-genmarshal'
GMOFILES=''
GMSGFMT='/usr/bin/msgfmt'
GREP='/bin/grep'
GSL_CFLAGS='-I/usr/include'
GSL_CONFIG='/usr/bin/gsl-config'
GSL_LIBS='-L/usr/lib -lgsl -lgslcblas -lm'
GTKDOC_CHECK=''
GTKDOC_DEPS_CFLAGS=''
GTKDOC_DEPS_LIBS=''
GTKDOC_MKPDF=''
GTKDOC_REBASE='true'
GTK_DOC_BUILD_HTML_FALSE='#'
GTK_DOC_BUILD_HTML_TRUE=''
GTK_DOC_BUILD_PDF_FALSE=''
GTK_DOC_BUILD_PDF_TRUE='#'
GTK_DOC_USE_LIBTOOL_FALSE='#'
GTK_DOC_USE_LIBTOOL_TRUE=''
GTK_DOC_USE_REBASE_FALSE='#'
GTK_DOC_USE_REBASE_TRUE=''
HAVE_DOCBOOK_FALSE=''
HAVE_DOCBOOK_TRUE='#'
HAVE_GNOME_DOC_UTILS_FALSE='#'
HAVE_GNOME_DOC_UTILS_TRUE=''
HELP_DIR='${datadir}/gnome/help'
HTML_DIR='${datadir}/gtk-doc/html'
INSTALL_DATA='${INSTALL} -m 644'
INSTALL_PROGRAM='${INSTALL}'
INSTALL_SCRIPT='${INSTALL}'
INSTALL_STRIP_PROGRAM='$(install_sh) -c -s'
INSTOBJEXT='.mo'
INTLLIBS=''
INTLTOOL_CAVES_RULE='%.caves:     %.caves.in     $(INTLTOOL_MERGE) $(wildcard $(top_srcdir)/po/*.po) ; $(INTLTOOL_V_MERGE)LC_ALL=C $(INTLTOOL_MERGE) $(INTLTOOL_V_MERGE_OPTIONS) -d -u -c $(top_builddir)/po/.intltool-merge-cache $(top_srcdir)/po $< $@'
INTLTOOL_DESKTOP_RULE='%.desktop:   %.desktop.in   $(INTLTOOL_MERGE) $(wildcard $(top_srcdir)/po/*.po) ; $(INTLTOOL_V_MERGE)LC_ALL=C $(INTLTOOL_MERGE) $(INTLTOOL_V_MERGE_OPTIONS) -d -u -c $(top_builddir)/po/.intltool-merge-cache $(top_srcdir)/po $< $@'
INTLTOOL_DIRECTORY_RULE='%.directory: %.directory.in $(INTLTOOL_MERGE) $(wildcard $(top_srcdir)/po/*.po) ; $(INTLTOOL_V_MERGE)LC_ALL=C $(INTLTOOL_MERGE) $(INTLTOOL_V_MERGE_OPTIONS) -d -u -c $(top_builddir)/po/.intltool-merge-cache $(top_srcdir)/po $< $@'
INTLTOOL_EXTRACT='/usr/bin/intltool-extract'
INTLTOOL_KBD_RULE='%.kbd:       %.kbd.in       $(INTLTOOL_MERGE) $(wildcard $(top_srcdir)/po/*.po) ; $(INTLTOOL_V_MERGE)LC_ALL=C $(INTLTOOL_MERGE) $(INTLTOOL_V_MERGE_OPTIONS) -x -u -m -c $(top_builddir)/po/.intltool-merge-cache $(top_srcdir)/po $< $@'
INTLTOOL_KEYS_RULE='%.keys:      %.keys.in      $(INTLTOOL_MERGE) $(wildcard $(top_srcdir)/po/*.po) ; $(INTLTOOL_V_MERGE)LC_ALL=C $(INTLTOOL_MERGE) $(INTLTOOL_V_MERGE_OPTIONS) -k -u -c $(top_builddir)/po/.intltool-merge-cache $(top_srcdir)/po $< $@'
INTLTOOL_MERGE='/usr/bin/intltool-merge'
INTLTOOL_OAF_RULE='%.oaf:       %.oaf.in       $(INTLTOOL_MERGE) $(wildcard $(top_srcdir)/po/*.po) ; $(INTLTOOL_V_MERGE)LC_ALL=C $(INTLTOOL_MERGE) $(INTLTOOL_V_MERGE_OPTIONS) -o -p $(top_srcdir)/po $< $@'
INTLTOOL_PERL='/usr/bin/perl'
INTLTOOL_POLICY_RULE='%.policy:    %.policy.in    $(INTLTOOL_MERGE) $(wildcard $(top_srcdir)/po/*.po) ; $(INTLTOOL_V_MERGE)LC_ALL=C $(INTLTOOL_MERGE) $(INTLTOOL_V_MERGE_OPTIONS) -x -u -c $(top_builddir)/po/.intltool-merge-cache $(top_srcdir)/po $< $@'
INTLTOOL_PONG_RULE='%.pong:      %.pong.in      $(INTLTOOL_MERGE) $(wildcard $(top_srcdir)/po/*.po) ; $(INTLTOOL_V_MERGE)LC_ALL=C $(INTLTOOL_MERGE) $(INTLTOOL_V_MERGE_OPTIONS) -x -u -c $(top_builddir)/po/.intltool-merge-cache $(top_srcdir)/po $< $@'
INTLTOOL_PROP_RULE='%.prop:      %.prop.in      $(INTLTOOL_MERGE) $(wildcard $(top_srcdir)/po/*.po) ; $(INTLTOOL_V_MERGE)LC_ALL=C $(INTLTOOL_MERGE) $(INTLTOOL_V_MERGE_OPTIONS) -d -u -c $(top_builddir)/po/.intltool-merge-cache $(top_srcdir)/po $< $@'
INTLTOOL_SCHEMAS_RULE='%.schemas:   %.schemas.in   $(INTLTOOL_MERGE) $(wildcard $(top_srcdir)/po/*.po) ; $(INTLTOOL_V_MERGE)LC_ALL=C $(INTLTOOL_MERGE) $(INTLTOOL_V_MERGE_OPTIONS) -s -u -c $(top_builddir)/po/.intltool-merge-cache $(top_srcdir)/po $< $@'
INTLTOOL_SERVER_RULE='%.server:    %.server.in    $(INTLTOOL_MERGE) $(wildcard $(top_srcdir)/po/*.po) ; $(INTLTOOL_V_MERGE)LC_ALL=C $(INTLTOOL_MERGE) $(INTLTOOL_V_MERGE_OPTIONS) -o -u -c $(top_builddir)/po/.intltool-merge-cache $(top_srcdir)/po $< $@'
INTLTOOL_SERVICE_RULE='%.service: %.service.in   $(INTLTOOL_MERGE) $(wildcard $(top_srcdir)/po/*.po) ; $(INTLTOOL_V_MERGE)LC_ALL=C $(INTLTOOL_MERGE) $(INTLTOOL_V_MERGE_OPTIONS) -d -u -c $(top_builddir)/po/.intltool-merge-cache $(top_srcdir)/po $< $@'
INTLTOOL_SHEET_RULE='%.sheet:     %.sheet.in     $(INTLTOOL_MERGE) $(wildcard $(top_srcdir)/po/*.po) ; $(INTLTOOL_V_MERGE)LC_ALL=C $(INTLTOOL_MERGE) $(INTLTOOL_V_MERGE_OPTIONS) -x -u -c $(top_builddir)/po/.intltool-merge-cache $(top_srcdir)/po $< $@'
INTLTOOL_SOUNDLIST_RULE='%.soundlist: %.soundlist.in $(INTLTOOL_MERGE) $(wildcard $(top_srcdir)/po/*.po) ; $(INTLTOOL_V_MERGE)LC_ALL=C $(INTLTOOL_MERGE) $(INTLTOOL_V_MERGE_OPTIONS) -d -u -c $(top_builddir)/po/.intltool-merge-cache $(top_srcdir)/po $< $@'
INTLTOOL_THEME_RULE='%.theme:     %.theme.in     $(INTLTOOL_MERGE) $(wildcard $(top_srcdir)/po/*.po) ; $(INTLTOOL_V_MERGE)LC_ALL=C $(INTLTOOL_MERGE) $(INTLTOOL_V_MERGE_OPTIONS) -d -u -c $(top_builddir)/po/.intltool-merge-cache $(top_srcdir)/po $< $@'
INTLTOOL_UI_RULE='%.ui:        %.ui.in        $(INTLTOOL_MERGE) $(wildcard $(top_srcdir)/po/*.po) ; $(INTLTOOL_V_MERGE)LC_ALL=C $(INTLTOOL_MERGE) $(INTLTOOL_V_MERGE_OPTIONS) -x -u -c $(top_builddir)/po/.intltool-merge-cache $(top_srcdir)/po $< $@'
INTLTOOL_UPDATE='/usr/bin/intltool-update'
INTLTOOL_V_MERGE='$(INTLTOOL__v_MERGE_$(V))'
INTLTOOL_V_MERGE_OPTIONS='$(intltool__v_merge_options_$(V))'
INTLTOOL_XAM_RULE='%.xam:       %.xml.in       $(INTLTOOL_MERGE) $(wildcard $(top_srcdir)/po/*.po) ; $(INTLTOOL_V_MERGE)LC_ALL=C $(INTLTOOL_MERGE) $(INTLTOOL_V_MERGE_OPTIONS) -x -u -c $(top_builddir)/po/.intltool-merge-cache $(top_srcdir)/po $< $@'
INTLTOOL_XML_NOMERGE_RULE='%.xml:       %.xml.in       $(INTLTOOL_MERGE) ; $(INTLTOOL_V_MERGE)LC_ALL=C $(INTLTOOL_MERGE) $(INTLTOOL_V_MERGE_OPTIONS) -x -u --no-translations $< $@'
INTLTOOL_XML_RULE='%.xml:       %.xml.in       $(INTLTOOL_MERGE) $(wildcard $(top_srcdir)/po/*.po) ; $(INTLTOOL_V_MERGE)LC_ALL=C $(INTLTOOL_MERGE) $(INTLTOOL_V_MERGE_OPTIONS) -x -u -c $(top_builddir)/po/.intltool-merge-cache $(top_srcdir)/po $< $@'
INTLTOOL__v_MERGE_0='@echo "  ITMRG " $@;'
INTLTOOL__v_MERGE_='$(INTLTOOL__v_MERGE_$(AM_DEFAULT_VERBOSITY))'
LD='/usr/bin/ld -m elf_x86_64'
LDFLAGS=''
LIBFAME_CFLAGS=''
LIBFAME_CONFIG='no'
LIBFAME_LIBS=''
LIBOBJS=''
LIBS=''
LIBTOOL='$(SHELL) $(top_builddir)/libtool'
LIPO=''
LN_S='ln -s'
LTLIBOBJS=''
M4='/usr/bin/m4'
MAINT=''
MAINTAINER_MODE_FALSE='#'
MAINTAINER_MODE_TRUE=''
MAKEINFO='${SHELL} "/home/ian/dropboxen/amide/Dropbox/Personal versions/amide-1.0.5/missing" makeinfo'
MANIFEST_TOOL=':'
MKDIR_P='/bin/mkdir -p'
MKINSTALLDIRS='./mkinstalldirs'
MSGFMT='/usr/bin/msgfmt'
MSGFMT_OPTS='-c'
MSGMERGE='/usr/bin/msgmerge'
NM='/usr/bin/nm -B'
NMEDIT=''
OBJDUMP='objdump'
OBJEXT='o'
OMF_DIR='${datadir}/omf'
OPTIMIZATION_CFLAGS='-O2'
OTOOL64=''
OTOOL=''
PACKAGE='amide'
PACKAGE_BUGREPORT='amide-users@lists.sourceforge.net'
PACKAGE_NAME='amide'
PACKAGE_STRING='amide 1.0.5'
PACKAGE_TARNAME='amide'
PACKAGE_URL=''
PACKAGE_VERSION='1.0.5'
PATH_SEPARATOR=':'
PKG_CONFIG='/usr/bin/pkg-config'
PKG_CONFIG_LIBDIR=''
PKG_CONFIG_PATH=''
POFILES=''
POSUB='po'
PO_IN_DATADIR_FALSE=''
PO_IN_DATADIR_TRUE=''
RANLIB='ranlib'
SED='/bin/sed'
SET_MAKE=''
SHELL='/bin/bash'
STRIP='strip'
USE_NLS='yes'
VERSION='1.0.5'
XGETTEXT='/usr/bin/xgettext'
XMEDCON_CFLAGS=''
XMEDCON_CONFIG='no'
XMEDCON_LIBS=''
ac_ct_AR='ar'
ac_ct_CC='gcc'
ac_ct_CXX='g++'
ac_ct_DUMPBIN=''
am__EXEEXT_FALSE=''
am__EXEEXT_TRUE='#'
am__fastdepCC_FALSE='#'
am__fastdepCC_TRUE=''
am__fastdepCXX_FALSE='#'
am__fastdepCXX_TRUE=''
am__include='include'
am__isrc=''
am__leading_dot='.'
am__nodep='_no'
am__quote=''
am__tar='$${TAR-tar} chof - "$$tardir"'
am__untar='$${TAR-tar} xf -'
bindir='${exec_prefix}/bin'
build='x86_64-unknown-linux-gnu'
build_alias=''
build_cpu='x86_64'
build_os='linux-gnu'
build_vendor='unknown'
datadir='${datarootdir}'
datarootdir='${prefix}/share'
docdir='${datarootdir}/doc/${PACKAGE_TARNAME}'
dvidir='${docdir}'
exec_prefix='${prefix}'
host='x86_64-unknown-linux-gnu'
host_alias=''
host_cpu='x86_64'
host_os='linux-gnu'
host_vendor='unknown'
htmldir='${docdir}'
includedir='${prefix}/include'
infodir='${datarootdir}/info'
install_sh='${SHELL} '\''/home/ian/dropboxen/amide/Dropbox/Personal versions/amide-1.0.5/install-sh'\'''
intltool__v_merge_options_0='-q'
intltool__v_merge_options_='$(intltool__v_merge_options_$(AM_DEFAULT_VERBOSITY))'
libdir='${exec_prefix}/lib'
libexecdir='${exec_prefix}/libexec'
libgnomecanvas_greater_than_230_CFLAGS='-pthread -I/usr/include/libgnomecanvas-2.0 -I/usr/include/pango-1.0 -I/usr/include/gail-1.0 -I/usr/include/libart-2.0 -I/usr/include/gtk-2.0 -I/usr/include/glib-2.0 -I/usr/lib/x86_64-linux-gnu/glib-2.0/include -I/usr/include/harfbuzz -I/usr/include/freetype2 -I/usr/include/atk-1.0 -I/usr/lib/x86_64-linux-gnu/gtk-2.0/include -I/usr/include/cairo -I/usr/include/gdk-pixbuf-2.0 -I/usr/include/gio-unix-2.0/ -I/usr/include/pixman-1 -I/usr/include/libpng12  '
libgnomecanvas_greater_than_230_LIBS='-lgnomecanvas-2 -lart_lgpl_2 -lgtk-x11-2.0 -lgdk-x11-2.0 -latk-1.0 -lgio-2.0 -lpangoft2-1.0 -lpangocairo-1.0 -lgdk_pixbuf-2.0 -lcairo -lpango-1.0 -lfontconfig -lgobject-2.0 -lglib-2.0 -lfreetype  '
localedir='${datarootdir}/locale'
localstatedir='${prefix}/var'
mandir='${datarootdir}/man'
mkdir_p='$(MKDIR_P)'
oldincludedir='/usr/include'
pdfdir='${docdir}'
prefix='/usr/local'
program_transform_name='s,x,x,'
psdir='${docdir}'
sbindir='${exec_prefix}/sbin'
sharedstatedir='${prefix}/com'
sysconfdir='${prefix}/etc'
target_alias=''

## ----------- ##
## confdefs.h. ##
## ----------- ##

/* confdefs.h */
#define PACKAGE_NAME "amide"
#define PACKAGE_TARNAME "amide"
#define PACKAGE_VERSION "1.0.5"
#define PACKAGE_STRING "amide 1.0.5"
#define PACKAGE_BUGREPORT "amide-users@lists.sourceforge.net"
#define PACKAGE_URL ""
#define PACKAGE "amide"
#define VERSION "1.0.5"
#define STDC_HEADERS 1
#define HAVE_SYS_TYPES_H 1
#define HAVE_SYS_STAT_H 1
#define HAVE_STDLIB_H 1
#define HAVE_STRING_H 1
#define HAVE_MEMORY_H 1
#define HAVE_STRINGS_H 1
#define HAVE_INTTYPES_H 1
#define HAVE_STDINT_H 1
#define HAVE_UNISTD_H 1
#define HAVE_DLFCN_H 1
#define LT_OBJDIR ".libs/"
#define HAVE_UNISTD_H 1
#define HAVE_UNISTD_H 1
#define SIZEOF_LONG 8
#define SIZEOF_LONG_LONG 8
#define HAVE_STRPTIME 1
#define HAVE_LOCALE_H 1
#define HAVE_LC_MESSAGES 1
#define HAVE_BIND_TEXTDOMAIN_CODESET 1
#define HAVE_GETTEXT 1
#define HAVE_DCGETTEXT 1
#define ENABLE_NLS 1
#define GETTEXT_PACKAGE "amide"
#define AMIDE_DEBUG 1
#define AMIDE_LIBGSL_SUPPORT 1
#define AMIDE_LIBDCMDATA_SUPPORT 1
#define AMIDE_LIBGNOMECANVAS_AA 1

configure: exit 0
